[2018-10-09T17:34:26.159] [INFO] pingLogger - ------------------=====================----------------------
[2018-10-09T17:34:26.161] [INFO] pingLogger - We are now in Triggered Alerts --->DiaHyperCube
[2018-10-09T17:34:27.336] [INFO] pingLogger - ------------------=====================----------------------
[2018-10-09T17:34:27.336] [INFO] pingLogger - We are now in Mobile Notification
[2018-10-09T17:34:27.336] [INFO] pingLogger - ------------------=====================----------------------
[2018-10-09T17:34:27.336] [INFO] pingLogger - We are now in Triggered Alerts --->Scheduled Alerts mail
[2018-10-09T17:34:27.336] [INFO] pingLogger - ------------------=====================----------------------
[2018-10-09T17:34:27.352] [INFO] pingLogger - We are now inbox Create schema 
[2018-10-09T17:34:44.198] [INFO] pingLogger - ------------------=====================----------------------
[2018-10-09T17:34:44.199] [INFO] pingLogger - We are now in Triggered Alerts --->DiaHyperCube
[2018-10-09T17:34:45.328] [INFO] pingLogger - ------------------=====================----------------------
[2018-10-09T17:34:45.328] [INFO] pingLogger - We are now in Mobile Notification
[2018-10-09T17:34:45.343] [INFO] pingLogger - ------------------=====================----------------------
[2018-10-09T17:34:45.343] [INFO] pingLogger - We are now in Triggered Alerts --->Scheduled Alerts mail
[2018-10-09T17:34:45.343] [INFO] pingLogger - ------------------=====================----------------------
[2018-10-09T17:34:45.343] [INFO] pingLogger - We are now inbox Create schema 
[2018-10-09T17:35:43.413] [INFO] pingLogger - ------------------=====================----------------------
[2018-10-09T17:35:43.414] [INFO] pingLogger - We are now in Triggered Alerts --->DiaHyperCube
[2018-10-09T17:35:44.536] [INFO] pingLogger - ------------------=====================----------------------
[2018-10-09T17:35:44.536] [INFO] pingLogger - We are now in Mobile Notification
[2018-10-09T17:35:44.536] [INFO] pingLogger - ------------------=====================----------------------
[2018-10-09T17:35:44.536] [INFO] pingLogger - We are now in Triggered Alerts --->Scheduled Alerts mail
[2018-10-09T17:35:44.536] [INFO] pingLogger - ------------------=====================----------------------
[2018-10-09T17:35:44.536] [INFO] pingLogger - We are now inbox Create schema 
[2018-10-09T17:35:53.453] [INFO] pingLogger - ------------------=====================----------------------
[2018-10-09T17:35:53.455] [INFO] pingLogger - We are now in Triggered Alerts --->DiaHyperCube
[2018-10-09T17:35:54.620] [INFO] pingLogger - ------------------=====================----------------------
[2018-10-09T17:35:54.620] [INFO] pingLogger - We are now in Mobile Notification
[2018-10-09T17:35:54.620] [INFO] pingLogger - ------------------=====================----------------------
[2018-10-09T17:35:54.620] [INFO] pingLogger - We are now in Triggered Alerts --->Scheduled Alerts mail
[2018-10-09T17:35:54.620] [INFO] pingLogger - ------------------=====================----------------------
[2018-10-09T17:35:54.620] [INFO] pingLogger - We are now inbox Create schema 
